<?xml version="1.0" encoding="UTF-8"?>
<!-- Generated by org.testng.reporters.JUnitReportReporter -->
<testsuite hostname="JV-LAP046" failures="0" tests="2" name="test.TestScript" time="62.724" errors="0" timestamp="2022-05-24T11:26:02 NPT" skipped="0">
  <testcase classname="test.TestScript" name="excelReadTest" time="5.596"/>
  <system-out/>
  <testcase classname="test.TestScript" name="sendEmail" time="57.128"/>
  <system-out/>
</testsuite> <!-- test.TestScript -->
